=== 验收测试（单独跑）===
============================= test session starts ==============================
platform darwin -- Python 3.10.11, pytest-9.0.2, pluggy-1.6.0 -- /Users/wsxwj/.pyenv/versions/3.10.11/bin/python3
cachedir: .pytest_cache
rootdir: /Users/wsxwj/Desktop/claude/compress-zip
plugins: anyio-4.9.0, hydra-core-1.3.2, langsmith-0.4.27
collecting ... collected 62 items

tests/acceptance/test_chinese.py::test_chinese_zip_utf8_flag[none] PASSED [  1%]
tests/acceptance/test_chinese.py::test_chinese_zip_utf8_flag[aes] PASSED [  3%]
tests/acceptance/test_chinese.py::test_chinese_zip_utf8_flag[zipcrypto] PASSED [  4%]
tests/acceptance/test_chinese.py::test_chinese_names_not_mojibake_via_cp437[none] PASSED [  6%]
tests/acceptance/test_chinese.py::test_chinese_names_not_mojibake_via_cp437[aes] PASSED [  8%]
tests/acceptance/test_chinese.py::test_chinese_names_not_mojibake_via_cp437[zipcrypto] PASSED [  9%]
tests/acceptance/test_edge.py::test_name_with_spaces PASSED              [ 11%]
tests/acceptance/test_edge.py::test_name_with_emoji PASSED               [ 12%]
tests/acceptance/test_edge.py::test_symlink_follows_target PASSED        [ 14%]
tests/acceptance/test_edge.py::test_symlink_to_dir_followed PASSED       [ 16%]
tests/acceptance/test_edge.py::test_zipcrypto_over_4gib_rejected PASSED  [ 17%]
tests/acceptance/test_edge.py::test_aes_over_4gib_ok_no_limit PASSED     [ 19%]
tests/acceptance/test_encrypt.py::test_zip_none_roundtrip PASSED         [ 20%]
tests/acceptance/test_encrypt.py::test_zip_zipcrypto_roundtrip PASSED    [ 22%]
tests/acceptance/test_encrypt.py::test_zip_aes_roundtrip PASSED          [ 24%]
tests/acceptance/test_encrypt.py::test_7z_none_roundtrip PASSED          [ 25%]
tests/acceptance/test_encrypt.py::test_7z_aes_roundtrip PASSED           [ 27%]
tests/acceptance/test_encrypt.py::test_targz_none_roundtrip PASSED       [ 29%]
tests/acceptance/test_encrypt.py::test_wrong_password_extract[zipcrypto-None] PASSED [ 30%]
tests/acceptance/test_encrypt.py::test_wrong_password_extract[aes-pyzipper] PASSED [ 32%]
tests/acceptance/test_encrypt.py::test_empty_password_extract_encrypted[zipcrypto-None] PASSED [ 33%]
tests/acceptance/test_encrypt.py::test_empty_password_extract_encrypted[aes-pyzipper] PASSED [ 35%]
tests/acceptance/test_errors.py::test_compress_missing_format PASSED     [ 37%]
tests/acceptance/test_errors.py::test_compress_missing_encrypt PASSED    [ 38%]
tests/acceptance/test_errors.py::test_compress_illegal_format PASSED     [ 40%]
tests/acceptance/test_errors.py::test_compress_illegal_encrypt PASSED    [ 41%]
tests/acceptance/test_errors.py::test_compress_no_path PASSED            [ 43%]
tests/acceptance/test_errors.py::test_targz_with_encryption[aes] PASSED  [ 45%]
tests/acceptance/test_errors.py::test_targz_with_encryption[zipcrypto] PASSED [ 46%]
tests/acceptance/test_errors.py::test_7z_with_zipcrypto PASSED           [ 48%]
tests/acceptance/test_errors.py::test_compress_encrypt_without_password[aes] PASSED [ 50%]
tests/acceptance/test_errors.py::test_compress_encrypt_without_password[zipcrypto] PASSED [ 51%]
tests/acceptance/test_errors.py::test_compress_encrypt_password_unset[aes] PASSED [ 53%]
tests/acceptance/test_errors.py::test_compress_encrypt_password_unset[zipcrypto] PASSED [ 54%]
tests/acceptance/test_errors.py::test_compress_input_not_found PASSED    [ 56%]
tests/acceptance/test_errors.py::test_compress_one_of_many_missing PASSED [ 58%]
tests/acceptance/test_errors.py::test_compress_unwritable_out PASSED     [ 59%]
tests/acceptance/test_errors.py::test_order_format_before_input PASSED   [ 61%]
tests/acceptance/test_errors.py::test_order_password_before_input PASSED [ 62%]
tests/acceptance/test_errors.py::test_extract_missing_archive PASSED     [ 64%]
tests/acceptance/test_errors.py::test_extract_archive_not_found PASSED   [ 66%]
tests/acceptance/test_errors.py::test_extract_unsupported_format PASSED  [ 67%]
tests/acceptance/test_errors.py::test_extract_corrupt_zip PASSED         [ 69%]
tests/acceptance/test_extract.py::test_extract_zip_roundtrip PASSED      [ 70%]
tests/acceptance/test_extract.py::test_extract_targz_roundtrip PASSED    [ 72%]
tests/acceptance/test_extract.py::test_extract_7z_roundtrip PASSED       [ 74%]
tests/acceptance/test_extract.py::test_extract_custom_dest PASSED        [ 75%]
tests/acceptance/test_extract.py::test_empty_folder_roundtrip PASSED     [ 77%]
tests/acceptance/test_multifile.py::test_single_file_naming PASSED       [ 79%]
tests/acceptance/test_multifile.py::test_single_folder_naming PASSED     [ 80%]
tests/acceptance/test_multifile.py::test_multi_same_dir_uses_parent_name PASSED [ 82%]
tests/acceptance/test_multifile.py::test_multi_cross_dir_uses_first_input PASSED [ 83%]
tests/acceptance/test_no_overwrite.py::test_compress_same_name_renames PASSED [ 85%]
tests/acceptance/test_no_overwrite.py::test_compress_out_existing_renames PASSED [ 87%]
tests/acceptance/test_no_overwrite.py::test_compress_does_not_touch_source PASSED [ 88%]
tests/acceptance/test_no_overwrite.py::test_extract_twice_lands_in_dash1 PASSED [ 90%]
tests/acceptance/test_no_overwrite.py::test_extract_does_not_overwrite_existing PASSED [ 91%]
tests/acceptance/test_security.py::test_tar_slip_rejected[../evil_escape.txt] PASSED [ 93%]
tests/acceptance/test_security.py::test_tar_slip_rejected[../../evil_escape.txt] PASSED [ 95%]
tests/acceptance/test_security.py::test_tar_slip_rejected[sub/../../evil_escape.txt] PASSED [ 96%]
tests/acceptance/test_security.py::test_absolute_path_member_rejected PASSED [ 98%]
tests/acceptance/test_security.py::test_password_rar_rejected SKIPPED    [100%]

======================== 61 passed, 1 skipped in 14.13s ========================

=== 单元测试（另跑）===
============================= test session starts ==============================
platform darwin -- Python 3.10.11, pytest-9.0.2, pluggy-1.6.0 -- /Users/wsxwj/.pyenv/versions/3.10.11/bin/python3
cachedir: .pytest_cache
rootdir: /Users/wsxwj/Desktop/claude/compress-zip
plugins: anyio-4.9.0, hydra-core-1.3.2, langsmith-0.4.27
collecting ... collected 25 items

tests/unit/test_internals.py::test_avoid_collision_file PASSED           [  4%]
tests/unit/test_internals.py::test_avoid_collision_targz_whole_ext PASSED [  8%]
tests/unit/test_internals.py::test_avoid_collision_dir PASSED            [ 12%]
tests/unit/test_internals.py::test_archive_basename[x.zip-x] PASSED      [ 16%]
tests/unit/test_internals.py::test_archive_basename[x.7z-x] PASSED       [ 20%]
tests/unit/test_internals.py::test_archive_basename[x.tar.gz-x] PASSED   [ 24%]
tests/unit/test_internals.py::test_archive_basename[x.tgz-x] PASSED      [ 28%]
tests/unit/test_internals.py::test_archive_basename[a.b.zip-a.b] PASSED  [ 32%]
tests/unit/test_internals.py::test_archive_basename[\u62a5\u544a.txt.zip-\u62a5\u544a.txt] PASSED [ 36%]
tests/unit/test_internals.py::test_derive_single_file PASSED             [ 40%]
tests/unit/test_internals.py::test_derive_single_dir PASSED              [ 44%]
tests/unit/test_internals.py::test_derive_multi_same_parent_uses_parent PASSED [ 48%]
tests/unit/test_internals.py::test_derive_multi_cross_parent_uses_first PASSED [ 52%]
tests/unit/test_internals.py::test_collect_entries_preserves_empty_leaf_dir PASSED [ 56%]
tests/unit/test_internals.py::test_collect_entries_follows_symlink_file PASSED [ 60%]
tests/unit/test_internals.py::test_assert_safe_members_rejects[../evil.txt] PASSED [ 64%]
tests/unit/test_internals.py::test_assert_safe_members_rejects[../../evil.txt] PASSED [ 68%]
tests/unit/test_internals.py::test_assert_safe_members_rejects[sub/../../evil.txt] PASSED [ 72%]
tests/unit/test_internals.py::test_assert_safe_members_rejects[/tmp/evil.txt] PASSED [ 76%]
tests/unit/test_internals.py::test_assert_safe_members_allows_normal PASSED [ 80%]
tests/unit/test_internals.py::test_zipcrypto_bit11_and_encrypt_bit PASSED [ 84%]
tests/unit/test_internals.py::test_zipcrypto_roundtrip_stdlib PASSED     [ 88%]
tests/unit/test_internals.py::test_zipcrypto_wrong_password_fails PASSED [ 92%]
tests/unit/test_internals.py::test_zipcrypto_over_4gib PASSED            [ 96%]
tests/unit/test_internals.py::test_zipcrypto_dir_entry_not_encrypted PASSED [100%]

============================== 25 passed in 0.03s ==============================
